read alpha =  7.81653040e-03
read G_Fermi =  1.16637000e-05
read alpha_s =  1.17200000e-01
read ZMASS =  9.11876000e+01
read H1MASS =  2.00000000e+02
read H2MASS =  1.00000000e+03
read H3MASS =  4.00000000e+02
read Tan(beta) =  1.00000000e+00
read Sin(alpha) =  1.00000000e+00
read Sin(gamma) =  0.00000000e+00
read MSSMASS =  0.00000000e+00
read MSBMASS =  3.00000000e+00
read MSCMASS =  6.00000000e-01
read MSTMASS =  1.75000000e+02
read MSMUMASS =  0.00000000e+00
read MSTAMASS =  1.77700000e+00
read Vud =  9.74500000e-01
read SMASS =  1.05000000e-01
read CMASS =  6.50000000e-01
read BMASS =  4.20000000e+00
read TMASS =  1.74300000e+02
read MUMASS=  1.06000000e-01
read TAMASS =  1.60000000e+00

W(H1->X) =  7.12639589e-01
BR(H1->WW) =  7.40279659e-01
BR(H1->ZZ) =  2.59720335e-01
BR(H1->bb~) =  3.71943389e-35
BR(H1->cc~) =  1.49162437e-36
BR(H1->ta+ta-) =  4.35984754e-36
BR(H1->Zbb~) =  6.06559355e-09

W(H2->X) =  8.74348876e+02
BR(H2->WW) =  1.80618757e-01
BR(H2->ZZ) =  8.92633871e-02
BR(H2->W+H-) =  1.07757633e-01
BR(H2->W-H+) =  1.07757633e-01
BR(H2->ZH3) =  1.06711616e-01
BR(H2->H+H-) =  1.96185020e-01
BR(H2->H3H3) =  9.80925102e-02
BR(H2->H1H1) =  1.50433858e-33
BR(H2->tt~) =  1.13566551e-01
BR(H2->bb~) =  4.05298051e-05
BR(H2->cc~) =  1.62135970e-06
BR(H2->ta+ta-) =  4.74050821e-06

W(H3->X) =  1.48567992e+01
BR(H3->ZH1) =  2.02980163e-01
BR(H3->tt~) =  7.96141107e-01
BR(H3->bb~) =  4.76995408e-04
BR(H3->cc~) =  1.90839240e-05
BR(H3->ta+ta-) =  5.57965279e-05
BR(H3->W+bt~) =  1.63426910e-04
BR(H3->W-tb~) =  1.63426910e-04

W(HC->X) =  1.98827829e+01
BR(HC->W+H1) =  1.67205911e-01
BR(HC->bt~) =  8.32701141e-01
BR(HC->sc~) =  1.42598866e-05
BR(HC->tavt) =  4.16922428e-05
BR(HC->Wbb~) =  3.69260741e-07
BR(HC->Zbt~) =  3.66260555e-05
