DECAY        25   4.33813095e+01   # h1 decays
#          BR         NDA      ID1       ID2
     1.19088294e-05    2         -15        15   # BR(h1 -> ta+ ta- )
     0.00000000e+00    2         -13        13   # BR(h1 -> mu+ mu- )
     1.28389743e-01    2          -6         6   # BR(h1 -> t~ t )
     4.06180939e-06    2          -4         4   # BR(h1 -> c~ c )
     1.02160505e-04    2          -5         5   # BR(h1 -> b~ b )
     0.00000000e+00    2          -3         3   # BR(h1 -> s~ s )
     4.03499710e-01    2         -24        24   # BR(h1 -> w- w+ )
     1.94343692e-01    2          23        23   # BR(h1 -> z z )
     8.56276640e-02    2          23        36   # BR(h1 -> z h3 )
     9.40592451e-02    2         -24       -37   # BR(h1 -> w- h+ )
     9.39618147e-02    2          24        37   # BR(h1 -> w+ h- )
     6.03464097e-14    2          21        21   # BR(h1 -> g g )
     1.50615650e-15    3          37        -5         6   # BR(h1 -> h- b~ t )
     1.49547867e-15    3         -37        -6         5   # BR(h1 -> h+ t~ b )
#
DECAY        36   2.40022475e-06   # h3 decays
#          BR         NDA      ID1       ID2
     0.00000000e+00    2         -15        15   # BR(h3 -> ta+ ta- )
     0.00000000e+00    2         -13        13   # BR(h3 -> mu+ mu- )
     0.00000000e+00    2          -4         4   # BR(h3 -> c~ c )
     0.00000000e+00    2          -5         5   # BR(h3 -> b~ b )
     0.00000000e+00    2          -3         3   # BR(h3 -> s~ s )
     0.00000000e+00    2         -24        24   # BR(h3 -> w- w+ )
     0.00000000e+00    2          23        23   # BR(h3 -> z z )
     0.00000000e+00    2          21        21   # BR(h3 -> g g )
     1.03840131e-07    3          -6         5        24   # BR(h3 -> t~ b w+ )
     1.04037010e-07    3           6        -5       -24   # BR(h3 -> t b~ w- )
     8.64698337e-04    3          23       -15        15   # BR(h3 -> z ta+ ta- )
     2.98471986e-04    3          23        -4         4   # BR(h3 -> z c~ c )
     7.42619993e-03    3          23        -5         5   # BR(h3 -> z b~ b )
     8.05364549e-01    3          23       -24        24   # BR(h3 -> z w- w+ )
     1.86045873e-01    3          23        23        23   # BR(h3 -> z z z )
     9.16641586e-11    3          23        21        21   # BR(h3 -> z g g )
#
DECAY        37   5.13457375e-06   # h- decays
#          BR         NDA      ID1       ID2
     0.00000000e+00    2          -2         3   # BR(h- -> u~ s )
     0.00000000e+00    2          -4         1   # BR(h- -> c~ d )
     0.00000000e+00    2          -4         3   # BR(h- -> c~ s )
     2.99119089e-04    2          -6         5   # BR(h- -> t~ b )
     0.00000000e+00    2         -14        13   # BR(h- -> vm~ mu- )
     0.00000000e+00    2         -16        15   # BR(h- -> vt~ ta- )
     4.44667775e-10    3          23        -6         5   # BR(h- -> z t~ b )
     5.38807377e-04    3         -24       -15        15   # BR(h- -> w- ta+ ta- )
     1.81798940e-04    3         -24        -4         4   # BR(h- -> w- c~ c )
     4.56809997e-03    3         -24        -5         5   # BR(h- -> w- b~ b )
     7.36910447e-01    3         -24       -24        24   # BR(h- -> w- w- w+ )
     2.57501727e-01    3         -24        23        23   # BR(h- -> w- z z )
     4.99455958e-11    3         -24        21        21   # BR(h- -> w- g g )
#
